<?xml version="1.0" encoding="UTF-8"?>
<!-- Generated by org.testng.reporters.JUnitXMLReporter -->
<testsuite hostname="DESKTOP-8C5SJR8" ignored="0" name="Default test" tests="4" failures="0" timestamp="24 Dec 2020 12:26:01 GMT" time="0.051" errors="0">
  <testcase name="m2" time="0.01" classname="Besic_Learning_TestNG.DemoDependsonMetrhod"/>
  <testcase name="m3" time="0.001" classname="Besic_Learning_TestNG.DemoDependsonMetrhod"/>
  <testcase name="m1" time="0.005" classname="Besic_Learning_TestNG.DemoDependsonMetrhod"/>
  <testcase name="m4" time="0.002" classname="Besic_Learning_TestNG.DemoDependsonMetrhod"/>
</testsuite> <!-- Default test -->
