<?xml version="1.0" encoding="UTF-8"?>
<!-- Generated by org.testng.reporters.JUnitXMLReporter -->
<testsuite hostname="DESKTOP-8C5SJR8" ignored="0" name="Test3" tests="1" failures="1" timestamp="28 Dec 2020 11:48:32 GMT" time="1.78" errors="0">
  <testcase name="openBrowser" time="1.745" classname="ParellelTesting.OpenBrowserTest">
    <failure type="java.lang.NullPointerException">
      <![CDATA[java.lang.NullPointerException
at ParellelTesting.Browser.browser(Browser.java:28)
at ParellelTesting.OpenBrowserTest.openBrowser(OpenBrowserTest.java:10)
at java.util.concurrent.FutureTask.run(Unknown Source)
at java.util.concurrent.ThreadPoolExecutor.runWorker(Unknown Source)
at java.util.concurrent.ThreadPoolExecutor$Worker.run(Unknown Source)
at java.lang.Thread.run(Unknown Source)
... Removed 16 stack frames]]>
    </failure>
  </testcase> <!-- openBrowser -->
</testsuite> <!-- Test3 -->
